Build started 12/13/2016 6:14:07 PM.
     1>Project "C:\Users\lqu3\Desktop\)\C++\Breakout\Breakout.vcxproj" on node 2 (Build target(s)).
     1>ClCompile:
         C:\Program Files (x86)\Microsoft Visual Studio 14.0\VC\bin\CL.exe /c /I"C:\Users\lqu3\Downloads\SFML-2.3.2\include" /ZI /nologo /W3 /WX- /sdl /Od /Oy- /D WIN32 /D _DEBUG /D _WINDOWS /D _UNICODE /D UNICODE /Gm /EHsc /RTC1 /MDd /GS /fp:precise /Zc:wchar_t /Zc:forScope /Zc:inline /Fo"Debug\\" /Fd"Debug\vc140.pdb" /Gd /TP /analyze- /errorReport:prompt main.cpp
         main.cpp
     1>c:\users\lqu3\desktop\)\c++\breakout\main.cpp(133): warning C4244: 'argument': conversion from 'int' to 'float', possible loss of data
     1>c:\users\lqu3\desktop\)\c++\breakout\main.cpp(244): warning C4244: '=': conversion from 'double' to 'float', possible loss of data
     1>c:\users\lqu3\desktop\)\c++\breakout\main.cpp(246): warning C4244: '=': conversion from 'double' to 'float', possible loss of data
     1>c:\users\lqu3\desktop\)\c++\breakout\main.cpp(262): warning C4553: '==': operator has no effect; did you intend '='?
     1>c:\users\lqu3\desktop\)\c++\breakout\main.cpp(310): warning C4244: '=': conversion from 'double' to 'float', possible loss of data
     1>c:\users\lqu3\desktop\)\c++\breakout\main.cpp(312): warning C4244: '=': conversion from 'double' to 'float', possible loss of data
     1>c:\users\lqu3\desktop\)\c++\breakout\main.cpp(415): warning C4244: 'argument': conversion from 'int' to 'float', possible loss of data
     1>c:\users\lqu3\desktop\)\c++\breakout\main.cpp(416): warning C4553: '==': operator has no effect; did you intend '='?
     1>c:\users\lqu3\desktop\)\c++\breakout\main.cpp(441): warning C4244: 'argument': conversion from 'int' to 'float', possible loss of data
     1>c:\users\lqu3\desktop\)\c++\breakout\main.cpp(443): warning C4553: '==': operator has no effect; did you intend '='?
       Link:
         C:\Program Files (x86)\Microsoft Visual Studio 14.0\VC\bin\link.exe /ERRORREPORT:PROMPT /OUT:"C:\Users\lqu3\Desktop\)\C++\Breakout\Debug\Breakout.exe" /INCREMENTAL /NOLOGO /LIBPATH:"C:\Users\lqu3\Downloads\SFML-2.3.2\lib" "sfml-main-d.lib" "sfml-system-d.lib" "sfml-audio-d.lib" "sfml-window-d.lib" "sfml-network-d.lib" "sfml-graphics-d.lib" openal32.lib kernel32.lib user32.lib gdi32.lib winspool.lib comdlg32.lib advapi32.lib shell32.lib ole32.lib oleaut32.lib uuid.lib odbc32.lib odbccp32.lib kernel32.lib user32.lib gdi32.lib winspool.lib comdlg32.lib advapi32.lib shell32.lib ole32.lib oleaut32.lib uuid.lib odbc32.lib odbccp32.lib /MANIFEST /MANIFESTUAC:"level='asInvoker' uiAccess='false'" /manifest:embed /Debug /PDB:"C:\Users\lqu3\Desktop\)\C++\Breakout\Debug\Breakout.pdb" /SUBSYSTEM:CONSOLE /TLBID:1 /DYNAMICBASE /NXCOMPAT /IMPLIB:"C:\Users\lqu3\Desktop\)\C++\Breakout\Debug\Breakout.lib" /MACHINE:X86 Debug\ball.obj
         Debug\brick.obj
         Debug\main.obj
         Debug\paddle.obj
         Breakout.vcxproj -> C:\Users\lqu3\Desktop\)\C++\Breakout\Debug\Breakout.exe
     1>Done Building Project "C:\Users\lqu3\Desktop\)\C++\Breakout\Breakout.vcxproj" (Build target(s)).

Build succeeded.

Time Elapsed 00:00:01.20
